[smooth-members-796353.framer.app/index.html]
[backblue.gif]
[fade.gif]
[index.html]
[framerusercontent.com/images/EBv6ZdB1KX6CFfSHjanmaqnfPwY.png]
[framerusercontent.com/images/wOYRUJ33Rs814I6AWi89q7b8w.png]
[framerusercontent.com/images/bgHZZMvuxcNSNO0KPNthTqbFE3U.png]
[smooth-members-796353.framer.app/blueai.html]
[smooth-members-796353.framer.app/pricing.html]
[smooth-members-796353.framer.app/download.html]
[smooth-members-796353.framer.app/faq.html]
[smooth-members-796353.framer.app/contact.html]
[smooth-members-796353.framer.app/sign-in.html]
[framerusercontent.com/images/uNElvu3BP651OFvWWyiFBe9xU2Y.png]
[framerusercontent.com/images/hRZf9KrjAnTp54wfCHld0QXAwFs.png]
[framerusercontent.com/images/cnGBIhq2Fz2WKEK02h7ITozFcY.png]
[framerusercontent.com/images/YMgJysOLhE6tpzyxUUvj37ei7I.png]
[framerusercontent.com/images/xdIsSG8TXSulnA0CMVea6YY2Q.png]
[framerusercontent.com/images/lysrb9oLsW8SXarkxi4Kp9N2FM.png]
[framerusercontent.com/images/BReKbCIak9bEXt7rwgqTETXYosb940.png]
[framerusercontent.com/images/2M45wyOvWCLKWOT7B79eZkwBEcc39be.png]
[framerusercontent.com/images/tJ9jJWeRoFV5tBLNn4oI2V4a3439be.png]
[framerusercontent.com/images/kIPNJQg5vawJO99pBcVJFI964ob940.png]
[framerusercontent.com/images/E7R5ywTwoiEX584aYUllPIAiIc.png]
[framerusercontent.com/images/UyCyGWtfEvrNuwTxY5djC7X0jLY.png]
[framerusercontent.com/images/Go7DzJ76yL0JbQok0MD9o9N364.png]
[framerusercontent.com/images/SlpO2bYkVz7mQ2itpEIcxITlg7Q.png]
[framerusercontent.com/images/ZCAfKiCbYJuX6bT1gZwrmsyj4sY.png]
[framerusercontent.com/images/2lllSXdFRUqpOaGzmnvyKj7ygwE.png]
[framerusercontent.com/images/DciB88PmvkhtgmAEIw3xIl7Mq8.png]
[framerusercontent.com/images/AYGyRqO2f0sCBc6KQvFpHuWZHM.png]
[framerusercontent.com/images/8DcLU6R07j02ytdplu3kK5WZG6k.png]
[framerusercontent.com/images/D6G2YArGUXre98Qt19fY1VhlFo.png]
[framerusercontent.com/images/9DX7PUTHcXFPVTQm26WAKeFc4Dk.png]
[framerusercontent.com/images/hELArG57RbTViUWSTBMS9EQreJ8.png]
[smooth-members-796353.framer.app/types/cafe.html]
[framerusercontent.com/images/nDeSh9GjFuOANczdJFdpzidjMk.gif]
[smooth-members-796353.framer.app/types/셀프-주유소.21.delayed]
[framerusercontent.com/images/XstiAZZS2prVkGKShLRshJlCA.gif]
[smooth-members-796353.framer.app/types/carwash.html]
[framerusercontent.com/images/p9917GF5EDddZI66tF7vzbOx3Ps.gif]
[smooth-members-796353.framer.app/types/studycafe.html]
[framerusercontent.com/images/0FNGcl2MmIGYCl9AcnZTsvxT4.gif]
[smooth-members-796353.framer.app/types/printer.html]
[framerusercontent.com/images/3mGaXfnoAPtH8HTVFX4N3kIvFzs.gif]
[smooth-members-796353.framer.app/types/icecream.html]
[framerusercontent.com/images/E0X3IVFsbeVKm1u0IaKktqxhSE.gif]
[smooth-members-796353.framer.app/types/laundromat.html]
[framerusercontent.com/images/MouSpzkmIG5tIuQuMBtUZ7EIk.gif]
[smooth-members-796353.framer.app/types/convenience.html]
[framerusercontent.com/images/y9LFOvbfcoDCgN2NTIUjqaruSRU.gif]
[smooth-members-796353.framer.app/types/studio.html]
[framerusercontent.com/images/J0clUfPjVvRNKphlvV1de3rj2k.gif]
[smooth-members-796353.framer.app/types/ect.html]
[framerusercontent.com/images/4fFVaRa62th458VDa71q8xRg6Y.gif]
[smooth-members-796353.framer.app/console.html]
[smooth-members-796353.framer.app/changelog.html]
[smooth-members-796353.framer.app/terms-of-service.html]
[smooth-members-796353.framer.app/privacy-policy.html]
[smooth-members-796353.framer.app/vision-policy.html]
[smooth-members-796353.framer.app/index.html]
[smooth-members-796353.framer.app/user-rights.html]
[framerusercontent.com/images/YMgJysOLhE6tpzyxUUvj37ei7I90ee.png]
[framerusercontent.com/images/bCTZL6saSKBcxclJZ9qBDxg0vtM7f91.png]
[smooth-members-796353.framer.app/_#a1108z_.3b.delayed]
[smooth-members-796353.framer.app/_#a1110z_.3c.delayed]
[smooth-members-796353.framer.app/_#a1112z_.3d.delayed]
[smooth-members-796353.framer.app/_#a1114z_.3e.delayed]
[smooth-members-796353.framer.app/_#a1116z_.3f.delayed]
[framerusercontent.com/images/AWxSIPFPbDH7hehcD2JECmXWWcbcaf.png]
[framerusercontent.com/images/QJ4662VSLgr2MDpRb9xQ4q2To39be.png]
[framerusercontent.com/images/Sw02tjawxlewcTRS4Geggjvhes839be.png]
[framerusercontent.com/images/9hv5ekeRR3avFDcZcWmwQZaB8cI39be.png]
[framerusercontent.com/images/UYVF5MHdQbOUgI3YzSXd4AZTPkk39be.png]
[framerusercontent.com/images/maVhQHgPPaEdaVz7bAgVKB64eks39be.png]
[framerusercontent.com/images/Ax8HvkVboHhAhbXqzIlvSqrWqOE39be.png]
[framerusercontent.com/images/4A0ifI3E8UQQaistPm3NRbGiXQ39be.png]
[framerusercontent.com/images/UyZTNpYojSnLrY4E6YarOxrMxy039be.png]
[framerusercontent.com/images/fU6BfBtQHIOZ2qRK4pd2A1oKU39be.png]
[framerusercontent.com/images/UVjc1KN1NBChaBISiu2UEz2SGEb3be.png]
[framerusercontent.com/images/mJO9Lsi68htouOu67C8JD30PrEcacc.png]
[framerusercontent.com/images/LkQxAriljeu9Zd5Zyf7X2ue13wf569.png]
[framerusercontent.com/images/Vc5a2WONC2uM7yYEySsCCaeJjag7378.png]
[framerusercontent.com/images/VaCUjvB9veH3u1CgkxwiVpPAdd80.png]
[framerusercontent.com/images/vPHHtR3F3XdXBveS9kOAecBiY2413.png]
[framerusercontent.com/images/YMgJysOLhE6tpzyxUUvj37ei7I9adb.png]
[framerusercontent.com/images/EFbh6tPkU3ZvelwC2jLe4QqSw510c.png]
[smooth-members-796353.framer.app/_#a1144z_.52.delayed]
[smooth-members-796353.framer.app/_#a1146z_.53.delayed]
[smooth-members-796353.framer.app/_#a1148z_.54.delayed]
[smooth-members-796353.framer.app/_#a1150z_.55.delayed]
[smooth-members-796353.framer.app/_#a1152z_.56.delayed]
[smooth-members-796353.framer.app/_#a1154z_.57.delayed]
[smooth-members-796353.framer.app/_#a1156z_.58.delayed]
[smooth-members-796353.framer.app/_#a1158z_.59.delayed]
[smooth-members-796353.framer.app/_#a1160z_.5a.delayed]
[smooth-members-796353.framer.app/_#a1162z_.5b.delayed]
[framerusercontent.com/images/6lXXMg3ZHbPA6vQOfaCxaYHz45eaa.png]
[framerusercontent.com/images/UyCyGWtfEvrNuwTxY5djC7X0jLYa34d.png]
[framerusercontent.com/images/Go7DzJ76yL0JbQok0MD9o9N36440e0.png]
[framerusercontent.com/images/SlpO2bYkVz7mQ2itpEIcxITlg7Qa34d.png]
[framerusercontent.com/images/rCsiwJsClVLbBVoHNefkCWEzeSU.png]
[framerusercontent.com/images/ryA91oXno9RjuYoBljT6M431w.png]
[smooth-members-796353.framer.app/blueai.html]
[framerusercontent.com/images/3FVey15F2VbEp0eHZyFVutZXkRo8720.png]
[framerusercontent.com/images/rCsiwJsClVLbBVoHNefkCWEzeSUa1b6.png]
[smooth-members-796353.framer.app/pricing.html]
[ga.jspm.io/npm_es-module-shims@1.6.3/dist/es-module-shims.js]
[framerusercontent.com/modules/c1GxbnUVBGoiTpDqfFn4/tftaPL6b2V0f0CIQSguY/augiA20Il.js]
[framerusercontent.com/modules/uHqwnvErlJWt01xrXV67/u8bTagVNyUrKVI7tOZtb/TtOOCEcsl.js]
[framerusercontent.com/modules/ptS068ERdyPQU2D2LzYH/ArvIDDiGW0kXpNfBKu7J/aThpEIw2S.js]
[framerusercontent.com/modules/vcX42AH8YELzBfITueva/7V4oICink2cWY9DJY5Sq/yRBrys2Zr.js]
[framerusercontent.com/modules/2ihgH15sNFaVDxRjHDpL/sijHeKtBOtSYkoJedTG5/INIgPRxAT.js]
[framerusercontent.com/modules/kh8ShGQGjMX8NgRaMqXS/pdzFpUxcU4K2pZuUw4nz/uH5cpYIGI.js]
[framerusercontent.com/modules/SZove1Kloq12mJKGKYW0/KtMB4rL8l7PA1BQefkHC/B2HDIJlDa.js]
[framerusercontent.com/modules/eqfIMr18fBblk1vnUNxf/AxfP1tYnUNodJJqMZkoa/JiQOlxA5x.js]
[framerusercontent.com/modules/o21jNgWFapUPVCXFqEV4/ZpvuQ4uV7sy6Uh6v2kY9/Ec6f7RjuP.js]
[framerusercontent.com/modules/fXWOmV3bzPZux6fwUdbm/Qz0kQ5MaudqL7BdGrWsP/ITFLbSAsz.js]
[framerusercontent.com/modules/470lDdItQoYPeZHvtUSy/2S5JGDvhNXKeUz8cJ70D/pVEWR2ZZy.js]
[framerusercontent.com/modules/ayff4BRnrYnEhCIP4p0L/S4iV9MwXM9HggBsfIPbq/nlj5dVCDW.js]
[framerusercontent.com/modules/AeuGAyTyFzN7F1ihK8KT/ywpFIwXZSnZSTZ965IGJ/w9NdH15DJ.js]
[framerusercontent.com/modules/tdNPOr3HnhlMX0LZMh3j/TZhQvovdGHSMOrKi83ub/G7Fu18NBk.js]
[framerusercontent.com/modules/qfApdfi9dRw1baho9h4o/hiGY7X1bLHWUDriR2HEp/vSD_KZGr5.js]
[framerusercontent.com/modules/iFMUEyUzD4XjBHSpv5i9/8kvXd1AS1jxnMpCVamnk/qN4_lWUay.js]
[framerusercontent.com/modules/VJk6nvyA8bzvtbnLTL9z/oChpJas0h41gCbt42Hgz/Np1jWTfDK.js]
[framerusercontent.com/modules/UkCrlHLVZ4OR5IpCF0hd/a4A3V7dFlzo2erEmWcad/ahDUKJ6Ux.js]
[framerusercontent.com/modules/PFSvb08pn8UHN77Qv6xd/8d4VUfBSFrWLzRPcNqDf/pyPTMNx0M.js]
[framerusercontent.com/modules/dftYO5TwQSZaDBtamw8b/Vn1Qeo8ckIOahuwF4IRT/jowc4aiay.js]
[framerusercontent.com/modules/rXSC07CXsTIcUGrMwkjv/UgMy3gWINAUw79fWk4BQ/Ddid3orI7.js]
[framerusercontent.com/modules/3LPoltjozKkwERModxOo/G3gfPRoFIoIK6zRQqzKZ/a0hzPi1il.js]
[framerusercontent.com/modules/wcCL1VlNRNaSw5HND4f2/QRtdvnuaXkvGc04KSlAo/bDSFc0yxr.js]
[smooth-members-796353.framer.app/download.html]
[smooth-members-796353.framer.app/faq.html]
[smooth-members-796353.framer.app/contact.html]
[smooth-members-796353.framer.app/sign-in.html]
[framerusercontent.com/modules/xR57Q1fSCh9AatEJUaxw/aWhOdFhUr4biL7Fk7vCM/sEVA_8ZAK.js]
[smooth-members-796353.framer.app/blog/top-ai-assistants-for-website-analytics-8-must-try-tools.html]
[framerusercontent.com/images/wkzAMf6TtjsfH20FylPGoAhjlw.jpg]
[framerusercontent.com/images/2uTNEj5aTl2K3NJaEFWMbnrA.jpg]
[smooth-members-796353.framer.app/blog/ai-powered-website-analytics-8-tools-to-elevate-your-insights.html]
[framerusercontent.com/images/LPLyPOZ9nVNQY47hyuSY0gaJXBU.png]
[framerusercontent.com/images/BYnxEV1zjYb9bhWh1IwBZ1ZoS60.jpg]
[smooth-members-796353.framer.app/blog/ai-for-website-analytics-the-8-best-tools-how-they-compare.html]
[framerusercontent.com/images/zA3kRQJolyq1XHnEfDRWhf5LLRY.jpg]
[framerusercontent.com/images/aNsAT3jCvt4zglbWCUoFe33Q.jpg]
[smooth-members-796353.framer.app/blog/free-vs-paid-ai-website-analytics-tools-which-one-is-right-for-you.html]
[framerusercontent.com/images/zZcSLbmV32RbVRgI6XEqUSguHXI.png]
[framerusercontent.com/images/LdZk3MKIgmGhokAWxlc9uAYnWVQ.png]
[smooth-members-796353.framer.app/blog/how-ai-analytics-stacks-up-against-traditional-data-platforms.html]
[framerusercontent.com/images/KI0OBzHHvuWEE7Z4E4eQXUDw.jpg]
[smooth-members-796353.framer.app/blog/the-top-5-ai-analytics-tools-for-e-commerce-websites-in-2024.html]
[framerusercontent.com/images/xXWOE1ektSLYgxAWe97JewJ8B04.png]
[smooth-members-796353.framer.app/types/cafe.html]
[smooth-members-796353.framer.app/types/셀프-주유소.html]
[smooth-members-796353.framer.app/types/carwash.html]
[smooth-members-796353.framer.app/types/studycafe.html]
[smooth-members-796353.framer.app/types/printer.html]
[smooth-members-796353.framer.app/types/icecream.html]
[smooth-members-796353.framer.app/types/laundromat.html]
[smooth-members-796353.framer.app/types/convenience.html]
[smooth-members-796353.framer.app/types/studio.html]
[smooth-members-796353.framer.app/types/ect.html]
[smooth-members-796353.framer.app/console.html]
[smooth-members-796353.framer.app/changelog.html]
[smooth-members-796353.framer.app/terms-of-service.html]
[smooth-members-796353.framer.app/privacy-policy.html]
[smooth-members-796353.framer.app/vision-policy.html]
[smooth-members-796353.framer.app/user-rights.html]
[smooth-members-796353.framer.app/_#a1108z_.html]
[smooth-members-796353.framer.app/_#a1110z_.html]
[smooth-members-796353.framer.app/_#a1112z_.html]
[smooth-members-796353.framer.app/_#a1114z_.html]
[smooth-members-796353.framer.app/_#a1116z_.html]
[smooth-members-796353.framer.app/_#a1144z_.html]
[smooth-members-796353.framer.app/_#a1146z_.html]
[smooth-members-796353.framer.app/_#a1148z_.html]
[smooth-members-796353.framer.app/_#a1150z_.html]
[smooth-members-796353.framer.app/_#a1152z_.html]
[smooth-members-796353.framer.app/_#a1154z_.html]
[smooth-members-796353.framer.app/_#a1156z_.html]
[smooth-members-796353.framer.app/_#a1158z_.html]
[smooth-members-796353.framer.app/_#a1160z_.html]
[smooth-members-796353.framer.app/_#a1162z_.html]
[smooth-members-796353.framer.app/blog/top-ai-assistants-for-website-analytics-8-must-try-tools.html]
[smooth-members-796353.framer.app/blog/ai-powered-website-analytics-8-tools-to-elevate-your-insights.html]
[smooth-members-796353.framer.app/blog/ai-for-website-analytics-the-8-best-tools-how-they-compare.html]
[smooth-members-796353.framer.app/blog/free-vs-paid-ai-website-analytics-tools-which-one-is-right-for-you.html]
[smooth-members-796353.framer.app/blog/how-ai-analytics-stacks-up-against-traditional-data-platforms.html]
[smooth-members-796353.framer.app/blog/the-top-5-ai-analytics-tools-for-e-commerce-websites-in-2024.html]
